
--------------------------------------------------
TXLib сообщает:

Программа: C:\Users\LEON\Documents\GitHub\Capture-the-Sausage\Game коп. без структур.exe, файл: C:\Users\LEON\Documents\GitHub\Capture-the-Sausage\Books/TXLib.h, строка: 10660, функция: bool {anonymous}::TX::txTransparentBlt(HDC, double, double, double, double, HDC, double, double, COLORREF),

Сообщение: Параметр "sourceImage" неверен. Возможно, эта картинка не загружена, холст не создан или уже уничтожен.

#1: TXLib [Ver: 00173a, Rev: 105], Instance: 0x004F62B4 (32-bit), Flags: CMdRe0, Thread: 0x95C (Main), GetLastError(): 13 (Недопустимые данные). 

--------------------------------------------------
Стек вызовов:

# 6 0x77099A02 in C:\Windows\SysWOW64\ntdll.dll: RtlInitializeExceptionChain()
# 7 0x770999D5 in C:\Windows\SysWOW64\ntdll.dll: RtlInitializeExceptionChain()

--------------------------------------------------
Стек вызовов TX:

# 0 in bool {anonymous}::TX::txTransparentBlt(HDC, double, double, double, double, HDC, double, double, COLORREF) at C:\Users\LEON\Documents\GitHub\Capture-the-Sausage\Books/TXLib.h (10660):

  10658:     {
  10659: $1  _TX_IF_HDC_FAILED (destImage)   return false;
=>10660: $   _TX_IF_HDC_FAILED (sourceImage) return false;
  10661: 
  10662: $   if (width <= 0 || height <= 0)

# 1 in void Image(int, int, int, int, int, int, int, int, int, HDC, HDC, HDC, HDC, HDC, HDC, HDC, HDC) at C:\Users\LEON\Documents\GitHub\Capture-the-Sausage\Game коп. без структур.cpp (139):

    137:     txTransparentBlt (xmap,               ymap,                            FonSer);
    138: 
=>  139:     txTransparentBlt (txDC(),   Dog2x,    Dog2y,    DogX,        DogY,     Dog2,    (t/TimeFact)%2 * DogX);
    140:     txTransparentBlt (txDC(),   Sausagex, Sausagey, SausageX,    SausageY, LoveCat, (t/TimeFact)%2 * SausageX);
    141:     txTransparentBlt (txDC(),   Catx,     Caty,     CatX,        CatY,     Cat,     (t/TimeFact)%2 * CatX);

--------------------------------------------------
Developed with:

The Dumb Artist Library (TX Library) - TXLib [Ver: 00173a, Rev: 105]
Copyright (C) Ded (Ilya Dedinsky, http://txlib.ru) <mail@txlib.ru>
See license on: http://txlib.ru

TXLib file:	C:\Users\LEON\Documents\GitHub\Capture-the-Sausage\Books/TXLib.h
Compiled:	Apr 29 2017 14:50:28, GNU g++ 4.8.1, std=201103L, MinGW Runtime 3.20, 32-bit, DEBUG
Started:	Apr 29 2017 14:50:36

Run file:	C:\Users\LEON\Documents\GitHub\Capture-the-Sausage\Game коп. без структур.exe
Directory:	C:\Users\LEON\Documents\GitHub\Capture-the-Sausage

--------------------------------------------------
